<?xml version="1.0" encoding="UTF-8"?>
<!-- Generated by org.testng.reporters.JUnitXMLReporter -->
<testsuite ignored="0" hostname="LNL-5CG2352LBN" failures="1" tests="3" name="Sauce labs test suite" time="9.405" errors="0" timestamp="2024-07-03T10:43:48 CEST">
  <testcase classname="com.sauce.qa.testcases.LoginPageTest" name="loginTest" time="0.255"/>
  <testcase classname="com.sauce.qa.testcases.AddToCartTest" name="AddToCartTest" time="0.878"/>
  <testcase classname="com.sauce.qa.testcases.InvalidLoginTest" name="InvalidloginTest" time="0.769">
    <failure type="java.lang.AssertionError" message="Not Successfully ordered! expected [true] but found [false]">
      <![CDATA[java.lang.AssertionError: Not Successfully ordered! expected [true] but found [false]
at com.sauce.qa.pages.InvalidLoginPage.Invalidlogin(InvalidLoginPage.java:36)
at com.sauce.qa.testcases.InvalidLoginTest.InvalidloginTest(InvalidLoginTest.java:31)
at java.base/java.util.ArrayList.forEach(ArrayList.java:1597)
... Removed 28 stack frames]]>
    </failure>
  </testcase> <!-- InvalidloginTest -->
</testsuite> <!-- Sauce labs test suite -->
